<?xml version="1.0" encoding="UTF-8"?>
<testsuite name="TestSemantic_Analysis" tests="3" skipped="0" failures="0" errors="0" timestamp="2026-04-14T12:54:55" hostname="pj-Prestige-15-A12UD" time="0.002">
  <properties/>
  <testcase name="testValidFloatVarDeclaration" classname="TestSemantic_Analysis" time="0.001"/>
  <testcase name="testBasicValidDeclaration" classname="TestSemantic_Analysis" time="0.0"/>
  <testcase name="testBasicTypeError" classname="TestSemantic_Analysis" time="0.001"/>
  <system-out><![CDATA[]]></system-out>
  <system-err><![CDATA[[TypeError] Cannot assign value of type 'FLOAT' to variable 'x' of type 'INT'
]]></system-err>
</testsuite>
