<?xml version="1.0" encoding="UTF-8"?>
<testsuite name="TestCodeGenerator" tests="9" skipped="0" failures="0" errors="0" timestamp="2026-05-11T14:51:33" hostname="pj-Prestige-15-A12UD" time="0.793">
  <properties/>
  <testcase name="testHello" classname="TestCodeGenerator" time="0.095"/>
  <testcase name="testVoidFunction" classname="TestCodeGenerator" time="0.198"/>
  <testcase name="testBuiltins" classname="TestCodeGenerator" time="0.091"/>
  <testcase name="testIntToFloatPromotionInReturn" classname="TestCodeGenerator" time="0.098"/>
  <testcase name="testCollections" classname="TestCodeGenerator" time="0.074"/>
  <testcase name="testArrays" classname="TestCodeGenerator" time="0.063"/>
  <testcase name="testScopes" classname="TestCodeGenerator" time="0.053"/>
  <testcase name="testFunctionReturn" classname="TestCodeGenerator" time="0.055"/>
  <testcase name="testFloatAndBool" classname="TestCodeGenerator" time="0.059"/>
  <system-out><![CDATA[]]></system-out>
  <system-err><![CDATA[]]></system-err>
</testsuite>
