<?xml version="1.0" encoding="UTF-8"?>
<testsuite name="TestParser" tests="33" skipped="0" failures="0" errors="0" timestamp="2026-04-09T16:27:13" hostname="louis-X555LAB" time="0.097">
  <properties/>
  <testcase name="testStringVarDecl" classname="TestParser" time="0.021"/>
  <testcase name="testMauvaisAssign" classname="TestParser" time="0.002"/>
  <testcase name="testAssignCalcul" classname="TestParser" time="0.009"/>
  <testcase name="testCollPoint" classname="TestParser" time="0.001"/>
  <testcase name="testCallMultiArgs" classname="TestParser" time="0.002"/>
  <testcase name="testImbricationTotale" classname="TestParser" time="0.011"/>
  <testcase name="testLogicalComplex" classname="TestParser" time="0.003"/>
  <testcase name="testErreurParenthese" classname="TestParser" time="0.001"/>
  <testcase name="testWhileStmt" classname="TestParser" time="0.0"/>
  <testcase name="testFloatVarDecl" classname="TestParser" time="0.001"/>
  <testcase name="testForStmt" classname="TestParser" time="0.001"/>
  <testcase name="testFinalVarDecl" classname="TestParser" time="0.002"/>
  <testcase name="testFuncDeclVoid" classname="TestParser" time="0.0"/>
  <testcase name="testErreurPointVirgule" classname="TestParser" time="0.0"/>
  <testcase name="testCollConstructorCall" classname="TestParser" time="0.001"/>
  <testcase name="testFuncDeclWithReturnType" classname="TestParser" time="0.002"/>
  <testcase name="testForComplexe" classname="TestParser" time="0.001"/>
  <testcase name="testVarDeclNoInitializer" classname="TestParser" time="0.001"/>
  <testcase name="testCollDecl" classname="TestParser" time="0.001"/>
  <testcase name="testTableauSimple" classname="TestParser" time="0.002"/>
  <testcase name="testEmptyString" classname="TestParser" time="0.001"/>
  <testcase name="testReturnExpr" classname="TestParser" time="0.0"/>
  <testcase name="testPrioriteMult" classname="TestParser" time="0.001"/>
  <testcase name="testIfElseStmt" classname="TestParser" time="0.002"/>
  <testcase name="testIntVarDecl" classname="TestParser" time="0.001"/>
  <testcase name="testAccèsTableau" classname="TestParser" time="0.001"/>
  <testcase name="testBigInt" classname="TestParser" time="0.001"/>
  <testcase name="testBoolVarDecl" classname="TestParser" time="0.001"/>
  <testcase name="testIfElseImbrique" classname="TestParser" time="0.002"/>
  <testcase name="testIfStmt" classname="TestParser" time="0.001"/>
  <testcase name="testNegatifs" classname="TestParser" time="0.001"/>
  <testcase name="testWhileSimple" classname="TestParser" time="0.001"/>
  <testcase name="testPrioriteParentheses" classname="TestParser" time="0.003"/>
  <system-out><![CDATA[]]></system-out>
  <system-err><![CDATA[]]></system-err>
</testsuite>
