<?xml version="1.0" encoding="UTF-8"?>
<testsuite name="TestLexer" tests="10" skipped="0" failures="0" errors="0" timestamp="2026-05-11T14:51:34" hostname="pj-Prestige-15-A12UD" time="0.011">
  <properties/>
  <testcase name="testFloatLeadingDot" classname="TestLexer" time="0.001"/>
  <testcase name="testLeadingZeros" classname="TestLexer" time="0.0"/>
  <testcase name="testCollectionName" classname="TestLexer" time="0.001"/>
  <testcase name="testInvalidCharacter" classname="TestLexer" time="0.003"/>
  <testcase name="testUnterminatedString" classname="TestLexer" time="0.0"/>
  <testcase name="testStringEscapes" classname="TestLexer" time="0.0"/>
  <testcase name="testComment" classname="TestLexer" time="0.0"/>
  <testcase name="testRangeOperator" classname="TestLexer" time="0.001"/>
  <testcase name="testBooleanLiterals" classname="TestLexer" time="0.0"/>
  <testcase name="testSequence" classname="TestLexer" time="0.004"/>
  <system-out><![CDATA[<DEF, "def">
]]></system-out>
  <system-err><![CDATA[]]></system-err>
</testsuite>
