<?xml version="1.0" encoding="UTF-8"?>
<testsuite name="TestSemantic_Analysis" tests="7" skipped="0" failures="0" errors="0" timestamp="2026-05-09T23:13:36" hostname="pj-Prestige-15-A12UD" time="0.006">
  <properties/>
  <testcase name="testOperatorError" classname="TestSemantic_Analysis" time="0.001"/>
  <testcase name="testScopeError" classname="TestSemantic_Analysis" time="0.0"/>
  <testcase name="testMissingConditionError" classname="TestSemantic_Analysis" time="0.0"/>
  <testcase name="testCollectionError" classname="TestSemantic_Analysis" time="0.001"/>
  <testcase name="testTypeError" classname="TestSemantic_Analysis" time="0.0"/>
  <testcase name="testArgumentError" classname="TestSemantic_Analysis" time="0.003"/>
  <testcase name="testReturnError" classname="TestSemantic_Analysis" time="0.001"/>
  <system-out><![CDATA[]]></system-out>
  <system-err><![CDATA[]]></system-err>
</testsuite>
